Using pre-set license
Built from '6000.0/staging' branch; Version is '6000.0.26f1 (ccb7c73d2c02) revision 13416391'; Using compiler version '193933523'; Build Type 'Release'
OS: 'Windows 10  (10.0.19045) 64bit Professional' Language: 'ru' Physical Memory: 16276 MB
BatchMode: 1, IsHumanControllingUs: 0, StartBugReporterOnCrash: 0, Is64bit: 1, IsPro: 1

COMMAND LINE ARGUMENTS:
C:\Program Files\Unity\Hub\Editor\6000.0.26f1\Editor\Unity.exe
-adb2
-batchMode
-noUpm
-name
AssetImportWorker0
-projectPath
D:/Разработчик/Unity/GitHub/GeekbrainsPathOfUnityDev/Platform Game/Platform King
-logFile
Logs/AssetImportWorker0.log
-srvPort
61366
-job-worker-count
1
-background-job-worker-count
8
-asset-garbage-collectors
1
Successfully changed project path to: D:/Разработчик/Unity/GitHub/GeekbrainsPathOfUnityDev/Platform Game/Platform King
D:/Разработчик/Unity/GitHub/GeekbrainsPathOfUnityDev/Platform Game/Platform King
[UnityMemory] Configuration Parameters - Can be set up in boot.config
    "memorysetup-bucket-allocator-granularity=16"
    "memorysetup-bucket-allocator-bucket-count=8"
    "memorysetup-bucket-allocator-block-size=33554432"
    "memorysetup-bucket-allocator-block-count=8"
    "memorysetup-main-allocator-block-size=16777216"
    "memorysetup-thread-allocator-block-size=16777216"
    "memorysetup-gfx-main-allocator-block-size=16777216"
    "memorysetup-gfx-thread-allocator-block-size=16777216"
    "memorysetup-cache-allocator-block-size=4194304"
    "memorysetup-typetree-allocator-block-size=2097152"
    "memorysetup-profiler-bucket-allocator-granularity=16"
    "memorysetup-profiler-bucket-allocator-bucket-count=8"
    "memorysetup-profiler-bucket-allocator-block-size=33554432"
    "memorysetup-profiler-bucket-allocator-block-count=8"
    "memorysetup-profiler-allocator-block-size=16777216"
    "memorysetup-profiler-editor-allocator-block-size=1048576"
    "memorysetup-temp-allocator-size-main=16777216"
    "memorysetup-job-temp-allocator-block-size=2097152"
    "memorysetup-job-temp-allocator-block-size-background=1048576"
    "memorysetup-job-temp-allocator-reduction-small-platforms=262144"
    "memorysetup-allocator-temp-initial-block-size-main=262144"
    "memorysetup-allocator-temp-initial-block-size-worker=262144"
    "memorysetup-temp-allocator-size-background-worker=32768"
    "memorysetup-temp-allocator-size-job-worker=262144"
    "memorysetup-temp-allocator-size-preload-manager=33554432"
    "memorysetup-temp-allocator-size-nav-mesh-worker=65536"
    "memorysetup-temp-allocator-size-audio-worker=65536"
    "memorysetup-temp-allocator-size-cloud-worker=32768"
    "memorysetup-temp-allocator-size-gi-baking-worker=262144"
    "memorysetup-temp-allocator-size-gi-baking-worker=262144"
    "memorysetup-temp-allocator-size-gi-baking-worker=262144"
    "memorysetup-temp-allocator-size-gi-baking-worker=262144"
    "memorysetup-temp-allocator-size-gi-baking-worker=262144"
    "memorysetup-temp-allocator-size-gfx=262144"
Player connection [25088]  Target information:

Player connection [25088]  * "[IP] 192.168.1.33 [Port] 0 [Flags] 2 [Guid] 2047207132 [EditorId] 2047207132 [Version] 1048832 [Id] WindowsEditor(7,DESKTOP-OCOQBK7) [Debug] 1 [PackageName] WindowsEditor [ProjectName] Editor" 

Player connection [25088] Host joined multi-casting on [225.0.0.222:54997]...
Player connection [25088] Host joined alternative multi-casting on [225.0.0.222:34997]...
JobSystem: Creating JobQueue using job-worker-count value 1
[Physics::Module] Initialized fallback backend.
[Physics::Module] Id: 0xdecafbad
Library Redirect Path: Library/
[Physics::Module] Selected backend.
[Physics::Module] Name: PhysX
[Physics::Module] Id: 0xf2b8ea05
[Physics::Module] SDK Version: 4.1.2
[Physics::Module] Integration Version: 1.0.0
[Physics::Module] Threading Mode: Multi-Threaded
Refreshing native plugins compatible for Editor in 4.01 ms, found 4 plugins.
Preloading 0 native plugins for Editor in 0.00 ms.
Initialize engine version: 6000.0.26f1 (ccb7c73d2c02)
[Subsystems] Discovering subsystems at path C:/Program Files/Unity/Hub/Editor/6000.0.26f1/Editor/Data/Resources/UnitySubsystems
[Subsystems] Discovering subsystems at path D:/Разработчик/Unity/GitHub/GeekbrainsPathOfUnityDev/Platform Game/Platform King/Assets
GfxDevice: creating device client; kGfxThreadingModeNonThreaded
Direct3D:
    Version:  Direct3D 11.0 [level 11.1]
    Renderer: NVIDIA GeForce GTX 1070 (ID=0x1b81)
    Vendor:   NVIDIA
    VRAM:     8067 MB
    Driver:   32.0.15.6094
Initialize mono
Mono path[0] = 'C:/Program Files/Unity/Hub/Editor/6000.0.26f1/Editor/Data/Managed'
Mono path[1] = 'C:/Program Files/Unity/Hub/Editor/6000.0.26f1/Editor/Data/MonoBleedingEdge/lib/mono/unityjit-win32'
Mono config path = 'C:/Program Files/Unity/Hub/Editor/6000.0.26f1/Editor/Data/MonoBleedingEdge/etc'
Using monoOptions --debugger-agent=transport=dt_socket,embedding=1,server=y,suspend=n,address=127.0.0.1:56052
Begin MonoManager ReloadAssembly
Registering precompiled unity dll's ...
Register platform support module: C:/Program Files/Unity/Hub/Editor/6000.0.26f1/Editor/Data/PlaybackEngines/WebGLSupport/UnityEditor.WebGL.Extensions.dll
Register platform support module: C:/Program Files/Unity/Hub/Editor/6000.0.26f1/Editor/Data/PlaybackEngines/WindowsStandaloneSupport/UnityEditor.WindowsStandalone.Extensions.dll
Registered in 0.011356 seconds.
- Loaded All Assemblies, in  1.235 seconds
Native extension for WindowsStandalone target not found
Native extension for WebGL target not found
Mono: successfully reloaded assembly
- Finished resetting the current domain, in  0.901 seconds
Domain Reload Profiling: 2127ms
	BeginReloadAssembly (366ms)
		ExecutionOrderSort (0ms)
		DisableScriptedObjects (0ms)
		BackupInstance (0ms)
		ReleaseScriptingObjects (0ms)
		CreateAndSetChildDomain (1ms)
	RebuildCommonClasses (103ms)
	RebuildNativeTypeToScriptingClass (33ms)
	initialDomainReloadingComplete (135ms)
	LoadAllAssembliesAndSetupDomain (588ms)
		LoadAssemblies (364ms)
		RebuildTransferFunctionScriptingTraits (0ms)
		AnalyzeDomain (580ms)
			TypeCache.Refresh (578ms)
				TypeCache.ScanAssembly (529ms)
			BuildScriptInfoCaches (0ms)
			ResolveRequiredComponents (1ms)
	FinalizeReload (902ms)
		ReleaseScriptCaches (0ms)
		RebuildScriptCaches (0ms)
		SetupLoadedEditorAssemblies (738ms)
			LogAssemblyErrors (0ms)
			InitializePlatformSupportModulesInManaged (102ms)
			SetLoadedEditorAssemblies (17ms)
			BeforeProcessingInitializeOnLoad (18ms)
			ProcessInitializeOnLoadAttributes (425ms)
			ProcessInitializeOnLoadMethodAttributes (171ms)
			AfterProcessingInitializeOnLoad (5ms)
			EditorAssembliesLoaded (0ms)
		ExecutionOrderSort2 (0ms)
		AwakeInstancesAfterBackupRestoration (0ms)
========================================================================
Worker process is ready to serve import requests
Import Worker Mode flag is 0x00
Begin MonoManager ReloadAssembly
- Loaded All Assemblies, in  5.299 seconds
Refreshing native plugins compatible for Editor in 8.85 ms, found 4 plugins.
Native extension for WindowsStandalone target not found
Native extension for WebGL target not found
Mono: successfully reloaded assembly
- Finished resetting the current domain, in  3.948 seconds
Domain Reload Profiling: 9241ms
	BeginReloadAssembly (2284ms)
		ExecutionOrderSort (0ms)
		DisableScriptedObjects (16ms)
		BackupInstance (0ms)
		ReleaseScriptingObjects (0ms)
		CreateAndSetChildDomain (70ms)
	RebuildCommonClasses (231ms)
	RebuildNativeTypeToScriptingClass (58ms)
	initialDomainReloadingComplete (133ms)
	LoadAllAssembliesAndSetupDomain (2586ms)
		LoadAssemblies (2221ms)
		RebuildTransferFunctionScriptingTraits (0ms)
		AnalyzeDomain (1134ms)
			TypeCache.Refresh (691ms)
				TypeCache.ScanAssembly (646ms)
			BuildScriptInfoCaches (369ms)
			ResolveRequiredComponents (69ms)
	FinalizeReload (3949ms)
		ReleaseScriptCaches (0ms)
		RebuildScriptCaches (0ms)
		SetupLoadedEditorAssemblies (3068ms)
			LogAssemblyErrors (0ms)
			InitializePlatformSupportModulesInManaged (12ms)
			SetLoadedEditorAssemblies (6ms)
			BeforeProcessingInitializeOnLoad (173ms)
			ProcessInitializeOnLoadAttributes (2539ms)
			ProcessInitializeOnLoadMethodAttributes (315ms)
			AfterProcessingInitializeOnLoad (23ms)
			EditorAssembliesLoaded (0ms)
		ExecutionOrderSort2 (0ms)
		AwakeInstancesAfterBackupRestoration (18ms)
Launched and connected shader compiler UnityShaderCompiler.exe after 0.03 seconds
Refreshing native plugins compatible for Editor in 3.96 ms, found 4 plugins.
Preloading 0 native plugins for Editor in 0.00 ms.
Unloading 206 Unused Serialized files (Serialized files now loaded: 0)
Unloading 6545 unused Assets / (4.2 MB). Loaded Objects now: 7323.
Memory consumption went from 191.4 MB to 187.2 MB.
Total: 25.201100 ms (FindLiveObjects: 2.444800 ms CreateObjectMapping: 1.573100 ms MarkObjects: 16.769800 ms  DeleteObjects: 4.412300 ms)

========================================================================
Received Import Request.
  Time since last request: 1024694.680056 seconds.
  path: Assets/Sprites/Pixel Art Platformer - Village Props v2.3.0/Texture/TX Village Props.png
  artifactKey: Guid(a9c3c9cce313c78458d5f5a7c18dd47b) Importer(815301076,1909f56bfc062723c751e8b465ee728b)
Start importing Assets/Sprites/Pixel Art Platformer - Village Props v2.3.0/Texture/TX Village Props.png using Guid(a9c3c9cce313c78458d5f5a7c18dd47b) Importer(815301076,1909f56bfc062723c751e8b465ee728b) (PreviewImporter) -> (artifact id: 'bf4db2eb6011cc651c4fa2b2c5965908') in 1.4106908 seconds
Number of updated asset objects reloaded before import = 0Number of asset objects unloaded after import = 182

========================================================================
Received Import Request.
  Time since last request: 0.000055 seconds.
  path: Assets/Sprites/Pixel Art Platformer - Village Props v2.3.0/Texture
  artifactKey: Guid(de9801c2d62955249b7b1c8b2861befc) Importer(815301076,1909f56bfc062723c751e8b465ee728b)
Start importing Assets/Sprites/Pixel Art Platformer - Village Props v2.3.0/Texture using Guid(de9801c2d62955249b7b1c8b2861befc) Importer(815301076,1909f56bfc062723c751e8b465ee728b) (PreviewImporter) -> (artifact id: 'ebf4a0cb0c0290cacb4a4acf600f555f') in 0.0012569 seconds
Number of updated asset objects reloaded before import = 0Number of asset objects unloaded after import = 0

========================================================================
Received Import Request.
  Time since last request: 0.000026 seconds.
  path: Assets/Sprites/Pixel Art Platformer - Village Props v2.3.0/Texture/TX Chest Animation.png
  artifactKey: Guid(586a4f96373c0434c87e6ca014cf2526) Importer(815301076,1909f56bfc062723c751e8b465ee728b)
Start importing Assets/Sprites/Pixel Art Platformer - Village Props v2.3.0/Texture/TX Chest Animation.png using Guid(586a4f96373c0434c87e6ca014cf2526) Importer(815301076,1909f56bfc062723c751e8b465ee728b) (PreviewImporter) -> (artifact id: '48888c826f31a4ddf5f6bd69a31d7a59') in 0.1799336 seconds
Number of updated asset objects reloaded before import = 0Number of asset objects unloaded after import = 30

========================================================================
Received Import Request.
  Time since last request: 0.000020 seconds.
  path: Assets/Sprites/Pixel Art Platformer - Village Props v2.3.0/Texture/TX FX Torch Flame.png
  artifactKey: Guid(257b7b5f84b4fe0438643c3e199bab6c) Importer(815301076,1909f56bfc062723c751e8b465ee728b)
Start importing Assets/Sprites/Pixel Art Platformer - Village Props v2.3.0/Texture/TX FX Torch Flame.png using Guid(257b7b5f84b4fe0438643c3e199bab6c) Importer(815301076,1909f56bfc062723c751e8b465ee728b) (PreviewImporter) -> (artifact id: 'ef6b3b80ead3bc7716aef9a21c898f45') in 0.2023828 seconds
Number of updated asset objects reloaded before import = 0Number of asset objects unloaded after import = 31

========================================================================
Received Import Request.
  Time since last request: 0.000029 seconds.
  path: Assets/Sprites/Pixel Art Platformer - Village Props v2.3.0/Texture/TX Tileset Ground.png
  artifactKey: Guid(243482291deb9a14aace157c6e741cb7) Importer(815301076,1909f56bfc062723c751e8b465ee728b)
Start importing Assets/Sprites/Pixel Art Platformer - Village Props v2.3.0/Texture/TX Tileset Ground.png using Guid(243482291deb9a14aace157c6e741cb7) Importer(815301076,1909f56bfc062723c751e8b465ee728b) (PreviewImporter) -> (artifact id: 'bbbb60c8e10db9d4ba2d8ce2e271fb05') in 0.1024489 seconds
Number of updated asset objects reloaded before import = 0Number of asset objects unloaded after import = 13

========================================================================
Received Import Request.
  Time since last request: 0.000030 seconds.
  path: Assets/Sprites/Pixel Art Platformer - Village Props v2.3.0/Texture/TX FX Flame.png
  artifactKey: Guid(353856eb4193af44cbe832154386d964) Importer(815301076,1909f56bfc062723c751e8b465ee728b)
Start importing Assets/Sprites/Pixel Art Platformer - Village Props v2.3.0/Texture/TX FX Flame.png using Guid(353856eb4193af44cbe832154386d964) Importer(815301076,1909f56bfc062723c751e8b465ee728b) (PreviewImporter) -> (artifact id: '5a857df62981c43af4e4fd04b42a9d94') in 0.2495005 seconds
Number of updated asset objects reloaded before import = 0Number of asset objects unloaded after import = 40

========================================================================
Received Import Request.
  Time since last request: 0.000020 seconds.
  path: Assets/Sprites/Pixel Art Platformer - Village Props v2.3.0
  artifactKey: Guid(fcbc8a22abcbe1e498a2e961316905e9) Importer(815301076,1909f56bfc062723c751e8b465ee728b)
Start importing Assets/Sprites/Pixel Art Platformer - Village Props v2.3.0 using Guid(fcbc8a22abcbe1e498a2e961316905e9) Importer(815301076,1909f56bfc062723c751e8b465ee728b) (PreviewImporter) -> (artifact id: '636a9f629cbef0607451c438c2770473') in 0.0007504 seconds
Number of updated asset objects reloaded before import = 0Number of asset objects unloaded after import = 0

========================================================================
Received Import Request.
  Time since last request: 187.445590 seconds.
  path: Assets/Sprites/Pixel Art Platformer - Village Props v2.3.0/Texture/TX Village Props.png
  artifactKey: Guid(a9c3c9cce313c78458d5f5a7c18dd47b) Importer(815301076,1909f56bfc062723c751e8b465ee728b)
Start importing Assets/Sprites/Pixel Art Platformer - Village Props v2.3.0/Texture/TX Village Props.png using Guid(a9c3c9cce313c78458d5f5a7c18dd47b) Importer(815301076,1909f56bfc062723c751e8b465ee728b) (PreviewImporter) -> (artifact id: '8c07f5a6adecaf337789a73a8ff5b811') in 0.7675466 seconds
Number of updated asset objects reloaded before import = 0Number of asset objects unloaded after import = 182

========================================================================
Received Import Request.
  Time since last request: 1488.759739 seconds.
  path: Assets/Sprites/Pixel Art Platformer - Village Props v2.3.0/Texture/TX Village Props.png
  artifactKey: Guid(a9c3c9cce313c78458d5f5a7c18dd47b) Importer(815301076,1909f56bfc062723c751e8b465ee728b)
Start importing Assets/Sprites/Pixel Art Platformer - Village Props v2.3.0/Texture/TX Village Props.png using Guid(a9c3c9cce313c78458d5f5a7c18dd47b) Importer(815301076,1909f56bfc062723c751e8b465ee728b) (PreviewImporter) -> (artifact id: 'c58d5f726226034b3748f56a5b7d2175') in 1.0153872 seconds
Number of updated asset objects reloaded before import = 0Number of asset objects unloaded after import = 190

========================================================================
Received Import Request.
  Time since last request: 226.860933 seconds.
  path: Assets/Sprites/Pixel Art Platformer - Village Props v2.3.0/Texture/TX Tileset Ground.png
  artifactKey: Guid(243482291deb9a14aace157c6e741cb7) Importer(815301076,1909f56bfc062723c751e8b465ee728b)
Start importing Assets/Sprites/Pixel Art Platformer - Village Props v2.3.0/Texture/TX Tileset Ground.png using Guid(243482291deb9a14aace157c6e741cb7) Importer(815301076,1909f56bfc062723c751e8b465ee728b) (PreviewImporter) -> (artifact id: 'bad457735556a164e7413c75179c4299') in 0.0962802 seconds
Number of updated asset objects reloaded before import = 0Number of asset objects unloaded after import = 13

========================================================================
Received Import Request.
  Time since last request: 484.719261 seconds.
  path: Assets/Sprites/Pixel Art Platformer - Village Props v2.3.0/Texture/TX Tileset Ground.png
  artifactKey: Guid(243482291deb9a14aace157c6e741cb7) Importer(815301076,1909f56bfc062723c751e8b465ee728b)
Start importing Assets/Sprites/Pixel Art Platformer - Village Props v2.3.0/Texture/TX Tileset Ground.png using Guid(243482291deb9a14aace157c6e741cb7) Importer(815301076,1909f56bfc062723c751e8b465ee728b) (PreviewImporter) -> (artifact id: 'b0978c1e6f1d9edd9e43e13adcfc6e79') in 0.7203498 seconds
Number of updated asset objects reloaded before import = 0Number of asset objects unloaded after import = 167

========================================================================
Received Import Request.
  Time since last request: 10998.974380 seconds.
  path: Assets/Material
  artifactKey: Guid(1d350e06226abb442891d6f9a40be2a5) Importer(815301076,1909f56bfc062723c751e8b465ee728b)
Start importing Assets/Material using Guid(1d350e06226abb442891d6f9a40be2a5) Importer(815301076,1909f56bfc062723c751e8b465ee728b) (PreviewImporter) -> (artifact id: 'e4cb0a7a08d07a41020dfa4863c8c276') in 0.0041858 seconds
Number of updated asset objects reloaded before import = 0Number of asset objects unloaded after import = 0

========================================================================
Received Import Request.
  Time since last request: 18.532238 seconds.
  path: Assets/Material/New Physics Material.physicMaterial
  artifactKey: Guid(7938f5556080d494fba64d391b210c45) Importer(815301076,1909f56bfc062723c751e8b465ee728b)
Start importing Assets/Material/New Physics Material.physicMaterial using Guid(7938f5556080d494fba64d391b210c45) Importer(815301076,1909f56bfc062723c751e8b465ee728b) (PreviewImporter) -> (artifact id: '744322de7f14d37ff9a14a27c07504d7') in 0.0055887 seconds
Number of updated asset objects reloaded before import = 0Number of asset objects unloaded after import = 1

========================================================================
Received Import Request.
  Time since last request: 35.225271 seconds.
  path: Assets/Material/New Physics Material 2D.physicsMaterial2D
  artifactKey: Guid(583b1c25dd67ec943a9fa3bf980f5f62) Importer(815301076,1909f56bfc062723c751e8b465ee728b)
Start importing Assets/Material/New Physics Material 2D.physicsMaterial2D using Guid(583b1c25dd67ec943a9fa3bf980f5f62) Importer(815301076,1909f56bfc062723c751e8b465ee728b) (PreviewImporter) -> (artifact id: 'dca015b32f48d02ac5861fb728b2dfe2') in 0.0070457 seconds
Number of updated asset objects reloaded before import = 0Number of asset objects unloaded after import = 1

========================================================================
Received Prepare
Begin MonoManager ReloadAssembly
- Loaded All Assemblies, in  3.930 seconds
Refreshing native plugins compatible for Editor in 3.85 ms, found 4 plugins.
Native extension for WindowsStandalone target not found
Native extension for WebGL target not found
Mono: successfully reloaded assembly
- Finished resetting the current domain, in  1.855 seconds
Domain Reload Profiling: 5798ms
	BeginReloadAssembly (1300ms)
		ExecutionOrderSort (1ms)
		DisableScriptedObjects (158ms)
		BackupInstance (0ms)
		ReleaseScriptingObjects (3ms)
		CreateAndSetChildDomain (413ms)
	RebuildCommonClasses (104ms)
	RebuildNativeTypeToScriptingClass (34ms)
	initialDomainReloadingComplete (77ms)
	LoadAllAssembliesAndSetupDomain (2428ms)
		LoadAssemblies (1779ms)
		RebuildTransferFunctionScriptingTraits (0ms)
		AnalyzeDomain (1098ms)
			TypeCache.Refresh (29ms)
				TypeCache.ScanAssembly (0ms)
			BuildScriptInfoCaches (1010ms)
			ResolveRequiredComponents (45ms)
	FinalizeReload (1856ms)
		ReleaseScriptCaches (0ms)
		RebuildScriptCaches (0ms)
		SetupLoadedEditorAssemblies (1266ms)
			LogAssemblyErrors (0ms)
			InitializePlatformSupportModulesInManaged (4ms)
			SetLoadedEditorAssemblies (8ms)
			BeforeProcessingInitializeOnLoad (108ms)
			ProcessInitializeOnLoadAttributes (1043ms)
			ProcessInitializeOnLoadMethodAttributes (90ms)
			AfterProcessingInitializeOnLoad (14ms)
			EditorAssembliesLoaded (0ms)
		ExecutionOrderSort2 (0ms)
		AwakeInstancesAfterBackupRestoration (19ms)
Refreshing native plugins compatible for Editor in 1.92 ms, found 4 plugins.
Preloading 0 native plugins for Editor in 0.00 ms.
Unloading 13 Unused Serialized files (Serialized files now loaded: 0)
Unloading 6543 unused Assets / (4.4 MB). Loaded Objects now: 7994.
Memory consumption went from 162.1 MB to 157.6 MB.
Total: 19.093900 ms (FindLiveObjects: 1.160300 ms CreateObjectMapping: 4.392000 ms MarkObjects: 8.017300 ms  DeleteObjects: 5.522900 ms)

Prepare: number of updated asset objects reloaded= 0
========================================================================
Received Prepare
Begin MonoManager ReloadAssembly
- Loaded All Assemblies, in  1.633 seconds
Refreshing native plugins compatible for Editor in 13.31 ms, found 4 plugins.
Native extension for WindowsStandalone target not found
Native extension for WebGL target not found
Mono: successfully reloaded assembly
- Finished resetting the current domain, in  3.328 seconds
Domain Reload Profiling: 4960ms
	BeginReloadAssembly (389ms)
		ExecutionOrderSort (0ms)
		DisableScriptedObjects (32ms)
		BackupInstance (0ms)
		ReleaseScriptingObjects (0ms)
		CreateAndSetChildDomain (97ms)
	RebuildCommonClasses (70ms)
	RebuildNativeTypeToScriptingClass (28ms)
	initialDomainReloadingComplete (59ms)
	LoadAllAssembliesAndSetupDomain (1086ms)
		LoadAssemblies (720ms)
		RebuildTransferFunctionScriptingTraits (0ms)
		AnalyzeDomain (553ms)
			TypeCache.Refresh (10ms)
				TypeCache.ScanAssembly (0ms)
			BuildScriptInfoCaches (510ms)
			ResolveRequiredComponents (24ms)
	FinalizeReload (3329ms)
		ReleaseScriptCaches (0ms)
		RebuildScriptCaches (0ms)
		SetupLoadedEditorAssemblies (2043ms)
			LogAssemblyErrors (0ms)
			InitializePlatformSupportModulesInManaged (17ms)
			SetLoadedEditorAssemblies (35ms)
			BeforeProcessingInitializeOnLoad (514ms)
			ProcessInitializeOnLoadAttributes (1348ms)
			ProcessInitializeOnLoadMethodAttributes (114ms)
			AfterProcessingInitializeOnLoad (14ms)
			EditorAssembliesLoaded (0ms)
		ExecutionOrderSort2 (0ms)
		AwakeInstancesAfterBackupRestoration (19ms)
Refreshing native plugins compatible for Editor in 2.71 ms, found 4 plugins.
Preloading 0 native plugins for Editor in 0.00 ms.
Unloading 13 Unused Serialized files (Serialized files now loaded: 0)
Unloading 6543 unused Assets / (4.6 MB). Loaded Objects now: 7996.
Memory consumption went from 162.1 MB to 157.4 MB.
Total: 14.754100 ms (FindLiveObjects: 1.180800 ms CreateObjectMapping: 2.381600 ms MarkObjects: 8.093700 ms  DeleteObjects: 3.095900 ms)

Prepare: number of updated asset objects reloaded= 0
========================================================================
Received Prepare
Begin MonoManager ReloadAssembly
- Loaded All Assemblies, in  1.614 seconds
Refreshing native plugins compatible for Editor in 2.69 ms, found 4 plugins.
Native extension for WindowsStandalone target not found
Native extension for WebGL target not found
Mono: successfully reloaded assembly
- Finished resetting the current domain, in  4.403 seconds
Domain Reload Profiling: 6016ms
	BeginReloadAssembly (397ms)
		ExecutionOrderSort (0ms)
		DisableScriptedObjects (32ms)
		BackupInstance (0ms)
		ReleaseScriptingObjects (0ms)
		CreateAndSetChildDomain (88ms)
	RebuildCommonClasses (82ms)
	RebuildNativeTypeToScriptingClass (23ms)
	initialDomainReloadingComplete (56ms)
	LoadAllAssembliesAndSetupDomain (1055ms)
		LoadAssemblies (741ms)
		RebuildTransferFunctionScriptingTraits (0ms)
		AnalyzeDomain (513ms)
			TypeCache.Refresh (14ms)
				TypeCache.ScanAssembly (0ms)
			BuildScriptInfoCaches (468ms)
			ResolveRequiredComponents (26ms)
	FinalizeReload (4403ms)
		ReleaseScriptCaches (0ms)
		RebuildScriptCaches (0ms)
		SetupLoadedEditorAssemblies (3128ms)
			LogAssemblyErrors (0ms)
			InitializePlatformSupportModulesInManaged (15ms)
			SetLoadedEditorAssemblies (17ms)
			BeforeProcessingInitializeOnLoad (320ms)
			ProcessInitializeOnLoadAttributes (2459ms)
			ProcessInitializeOnLoadMethodAttributes (272ms)
			AfterProcessingInitializeOnLoad (44ms)
			EditorAssembliesLoaded (1ms)
		ExecutionOrderSort2 (0ms)
		AwakeInstancesAfterBackupRestoration (48ms)
Refreshing native plugins compatible for Editor in 4.63 ms, found 4 plugins.
Preloading 0 native plugins for Editor in 0.00 ms.
Unloading 13 Unused Serialized files (Serialized files now loaded: 0)
Unloading 6543 unused Assets / (4.3 MB). Loaded Objects now: 7998.
Memory consumption went from 162.1 MB to 157.8 MB.
Total: 32.079000 ms (FindLiveObjects: 1.211200 ms CreateObjectMapping: 7.113500 ms MarkObjects: 10.920600 ms  DeleteObjects: 12.832700 ms)

Prepare: number of updated asset objects reloaded= 0
========================================================================
Received Prepare
Begin MonoManager ReloadAssembly
- Loaded All Assemblies, in  1.708 seconds
Refreshing native plugins compatible for Editor in 7.14 ms, found 4 plugins.
Native extension for WindowsStandalone target not found
Native extension for WebGL target not found
Mono: successfully reloaded assembly
- Finished resetting the current domain, in  3.666 seconds
Domain Reload Profiling: 5371ms
	BeginReloadAssembly (401ms)
		ExecutionOrderSort (0ms)
		DisableScriptedObjects (31ms)
		BackupInstance (0ms)
		ReleaseScriptingObjects (0ms)
		CreateAndSetChildDomain (101ms)
	RebuildCommonClasses (82ms)
	RebuildNativeTypeToScriptingClass (25ms)
	initialDomainReloadingComplete (64ms)
	LoadAllAssembliesAndSetupDomain (1131ms)
		LoadAssemblies (835ms)
		RebuildTransferFunctionScriptingTraits (0ms)
		AnalyzeDomain (495ms)
			TypeCache.Refresh (12ms)
				TypeCache.ScanAssembly (0ms)
			BuildScriptInfoCaches (457ms)
			ResolveRequiredComponents (20ms)
	FinalizeReload (3667ms)
		ReleaseScriptCaches (0ms)
		RebuildScriptCaches (0ms)
		SetupLoadedEditorAssemblies (2536ms)
			LogAssemblyErrors (0ms)
			InitializePlatformSupportModulesInManaged (14ms)
			SetLoadedEditorAssemblies (14ms)
			BeforeProcessingInitializeOnLoad (250ms)
			ProcessInitializeOnLoadAttributes (2006ms)
			ProcessInitializeOnLoadMethodAttributes (217ms)
			AfterProcessingInitializeOnLoad (33ms)
			EditorAssembliesLoaded (1ms)
		ExecutionOrderSort2 (0ms)
		AwakeInstancesAfterBackupRestoration (36ms)
Refreshing native plugins compatible for Editor in 10.57 ms, found 4 plugins.
Preloading 0 native plugins for Editor in 0.00 ms.
Unloading 13 Unused Serialized files (Serialized files now loaded: 0)
Unloading 6543 unused Assets / (4.1 MB). Loaded Objects now: 8000.
Memory consumption went from 162.1 MB to 158.0 MB.
Total: 32.854000 ms (FindLiveObjects: 2.345200 ms CreateObjectMapping: 2.218500 ms MarkObjects: 16.620100 ms  DeleteObjects: 11.668300 ms)

Prepare: number of updated asset objects reloaded= 0
========================================================================
Received Prepare
Begin MonoManager ReloadAssembly
- Loaded All Assemblies, in  1.534 seconds
Refreshing native plugins compatible for Editor in 1.90 ms, found 4 plugins.
Native extension for WindowsStandalone target not found
Native extension for WebGL target not found
Mono: successfully reloaded assembly
- Finished resetting the current domain, in  4.838 seconds
Domain Reload Profiling: 6372ms
	BeginReloadAssembly (383ms)
		ExecutionOrderSort (0ms)
		DisableScriptedObjects (28ms)
		BackupInstance (0ms)
		ReleaseScriptingObjects (0ms)
		CreateAndSetChildDomain (94ms)
	RebuildCommonClasses (70ms)
	RebuildNativeTypeToScriptingClass (24ms)
	initialDomainReloadingComplete (55ms)
	LoadAllAssembliesAndSetupDomain (1001ms)
		LoadAssemblies (718ms)
		RebuildTransferFunctionScriptingTraits (0ms)
		AnalyzeDomain (475ms)
			TypeCache.Refresh (14ms)
				TypeCache.ScanAssembly (0ms)
			BuildScriptInfoCaches (432ms)
			ResolveRequiredComponents (25ms)
	FinalizeReload (4839ms)
		ReleaseScriptCaches (0ms)
		RebuildScriptCaches (0ms)
		SetupLoadedEditorAssemblies (3738ms)
			LogAssemblyErrors (0ms)
			InitializePlatformSupportModulesInManaged (7ms)
			SetLoadedEditorAssemblies (14ms)
			BeforeProcessingInitializeOnLoad (295ms)
			ProcessInitializeOnLoadAttributes (3084ms)
			ProcessInitializeOnLoadMethodAttributes (302ms)
			AfterProcessingInitializeOnLoad (35ms)
			EditorAssembliesLoaded (0ms)
		ExecutionOrderSort2 (0ms)
		AwakeInstancesAfterBackupRestoration (46ms)
Refreshing native plugins compatible for Editor in 6.13 ms, found 4 plugins.
Preloading 0 native plugins for Editor in 0.00 ms.
Unloading 13 Unused Serialized files (Serialized files now loaded: 0)
Unloading 6543 unused Assets / (4.1 MB). Loaded Objects now: 8002.
Memory consumption went from 162.0 MB to 157.9 MB.
Total: 24.296200 ms (FindLiveObjects: 2.131500 ms CreateObjectMapping: 3.466200 ms MarkObjects: 14.747900 ms  DeleteObjects: 3.948900 ms)

Prepare: number of updated asset objects reloaded= 0
========================================================================
Received Prepare
Begin MonoManager ReloadAssembly
- Loaded All Assemblies, in  1.978 seconds
Refreshing native plugins compatible for Editor in 3.34 ms, found 4 plugins.
Native extension for WindowsStandalone target not found
Native extension for WebGL target not found
Mono: successfully reloaded assembly
- Finished resetting the current domain, in  4.251 seconds
Domain Reload Profiling: 6229ms
	BeginReloadAssembly (357ms)
		ExecutionOrderSort (0ms)
		DisableScriptedObjects (29ms)
		BackupInstance (0ms)
		ReleaseScriptingObjects (0ms)
		CreateAndSetChildDomain (82ms)
	RebuildCommonClasses (78ms)
	RebuildNativeTypeToScriptingClass (25ms)
	initialDomainReloadingComplete (52ms)
	LoadAllAssembliesAndSetupDomain (1466ms)
		LoadAssemblies (1146ms)
		RebuildTransferFunctionScriptingTraits (0ms)
		AnalyzeDomain (493ms)
			TypeCache.Refresh (13ms)
				TypeCache.ScanAssembly (0ms)
			BuildScriptInfoCaches (445ms)
			ResolveRequiredComponents (29ms)
	FinalizeReload (4252ms)
		ReleaseScriptCaches (0ms)
		RebuildScriptCaches (0ms)
		SetupLoadedEditorAssemblies (3119ms)
			LogAssemblyErrors (0ms)
			InitializePlatformSupportModulesInManaged (6ms)
			SetLoadedEditorAssemblies (17ms)
			BeforeProcessingInitializeOnLoad (362ms)
			ProcessInitializeOnLoadAttributes (2572ms)
			ProcessInitializeOnLoadMethodAttributes (144ms)
			AfterProcessingInitializeOnLoad (16ms)
			EditorAssembliesLoaded (0ms)
		ExecutionOrderSort2 (0ms)
		AwakeInstancesAfterBackupRestoration (20ms)
Refreshing native plugins compatible for Editor in 2.16 ms, found 4 plugins.
Preloading 0 native plugins for Editor in 0.00 ms.
Unloading 13 Unused Serialized files (Serialized files now loaded: 0)
Unloading 6543 unused Assets / (4.7 MB). Loaded Objects now: 8004.
Memory consumption went from 162.1 MB to 157.4 MB.
Total: 15.622200 ms (FindLiveObjects: 0.843100 ms CreateObjectMapping: 1.174800 ms MarkObjects: 9.248500 ms  DeleteObjects: 4.354100 ms)

Prepare: number of updated asset objects reloaded= 0
========================================================================
Received Prepare
Begin MonoManager ReloadAssembly
- Loaded All Assemblies, in  1.502 seconds
Refreshing native plugins compatible for Editor in 6.31 ms, found 4 plugins.
Native extension for WindowsStandalone target not found
Native extension for WebGL target not found
Mono: successfully reloaded assembly
- Finished resetting the current domain, in  3.051 seconds
Domain Reload Profiling: 4547ms
	BeginReloadAssembly (404ms)
		ExecutionOrderSort (0ms)
		DisableScriptedObjects (24ms)
		BackupInstance (0ms)
		ReleaseScriptingObjects (0ms)
		CreateAndSetChildDomain (93ms)
	RebuildCommonClasses (73ms)
	RebuildNativeTypeToScriptingClass (30ms)
	initialDomainReloadingComplete (66ms)
	LoadAllAssembliesAndSetupDomain (922ms)
		LoadAssemblies (683ms)
		RebuildTransferFunctionScriptingTraits (0ms)
		AnalyzeDomain (460ms)
			TypeCache.Refresh (17ms)
				TypeCache.ScanAssembly (0ms)
			BuildScriptInfoCaches (417ms)
			ResolveRequiredComponents (20ms)
	FinalizeReload (3052ms)
		ReleaseScriptCaches (0ms)
		RebuildScriptCaches (0ms)
		SetupLoadedEditorAssemblies (2231ms)
			LogAssemblyErrors (0ms)
			InitializePlatformSupportModulesInManaged (7ms)
			SetLoadedEditorAssemblies (17ms)
			BeforeProcessingInitializeOnLoad (330ms)
			ProcessInitializeOnLoadAttributes (1733ms)
			ProcessInitializeOnLoadMethodAttributes (125ms)
			AfterProcessingInitializeOnLoad (17ms)
			EditorAssembliesLoaded (3ms)
		ExecutionOrderSort2 (0ms)
		AwakeInstancesAfterBackupRestoration (20ms)
Refreshing native plugins compatible for Editor in 5.86 ms, found 4 plugins.
Preloading 0 native plugins for Editor in 0.00 ms.
Unloading 13 Unused Serialized files (Serialized files now loaded: 0)
Unloading 6543 unused Assets / (4.8 MB). Loaded Objects now: 8006.
Memory consumption went from 162.1 MB to 157.3 MB.
Total: 18.992400 ms (FindLiveObjects: 1.606700 ms CreateObjectMapping: 1.530100 ms MarkObjects: 10.765600 ms  DeleteObjects: 5.088000 ms)

Prepare: number of updated asset objects reloaded= 0
========================================================================
Received Import Request.
  Time since last request: 654.449864 seconds.
  path: Assets/DefaultVolumeProfile.asset
  artifactKey: Guid(3f9215ea0144899419cfbc0957140d3f) Importer(2089858483,192608db42251d675da83286b1cce702)
Start importing Assets/DefaultVolumeProfile.asset using Guid(3f9215ea0144899419cfbc0957140d3f) Importer(2089858483,192608db42251d675da83286b1cce702) (ScriptedImporter) -> (artifact id: '6d844b50d48cd3b0b7fc21a663f54d9d') in 1.4929493 seconds
Number of updated asset objects reloaded before import = 0Number of asset objects unloaded after import = 0

========================================================================
Received Import Request.
  Time since last request: 0.000020 seconds.
  path: Assets/Sprites/Knight/KnightDeath_strip.png
  artifactKey: Guid(d91cdec855205fc469255044fd1daed7) Importer(2089858483,192608db42251d675da83286b1cce702)
Start importing Assets/Sprites/Knight/KnightDeath_strip.png using Guid(d91cdec855205fc469255044fd1daed7) Importer(2089858483,192608db42251d675da83286b1cce702) (ScriptedImporter) -> (artifact id: '424286e861abfb406472fef2649eec6c') in 0.208688 seconds
Number of updated asset objects reloaded before import = 0Number of asset objects unloaded after import = 3

========================================================================
Received Import Request.
  Time since last request: 0.000043 seconds.
  path: Assets/Sprites/Pixel Art Platformer - Village Props v2.3.0/Texture/TX Village Props.png
  artifactKey: Guid(a9c3c9cce313c78458d5f5a7c18dd47b) Importer(2089858483,192608db42251d675da83286b1cce702)
Start importing Assets/Sprites/Pixel Art Platformer - Village Props v2.3.0/Texture/TX Village Props.png using Guid(a9c3c9cce313c78458d5f5a7c18dd47b) Importer(2089858483,192608db42251d675da83286b1cce702) (ScriptedImporter) -> (artifact id: 'e31db439ad93d499e6250b950173f2a5') in 1.1349271 seconds
Number of updated asset objects reloaded before import = 0Number of asset objects unloaded after import = 190

========================================================================
Received Import Request.
  Time since last request: 0.000034 seconds.
  path: Assets/Settings/Renderer2D.asset
  artifactKey: Guid(424799608f7334c24bf367e4bbfa7f9a) Importer(2089858483,192608db42251d675da83286b1cce702)
Start importing Assets/Settings/Renderer2D.asset using Guid(424799608f7334c24bf367e4bbfa7f9a) Importer(2089858483,192608db42251d675da83286b1cce702) (ScriptedImporter) -> (artifact id: 'b7283eb0373701ea40c45ff350fb4edd') in 0.1144923 seconds
Number of updated asset objects reloaded before import = 0Number of asset objects unloaded after import = 1

========================================================================
Received Import Request.
  Time since last request: 0.000055 seconds.
  path: Assets/Sprites/Knight/KnightJumpAndFall_strip.png
  artifactKey: Guid(0904fb135735d90468ff14b2ebf12942) Importer(2089858483,192608db42251d675da83286b1cce702)
Start importing Assets/Sprites/Knight/KnightJumpAndFall_strip.png using Guid(0904fb135735d90468ff14b2ebf12942) Importer(2089858483,192608db42251d675da83286b1cce702) (ScriptedImporter) -> (artifact id: '1d6fe16104e39cca23fa16df7e255dce') in 0.0740418 seconds
Number of updated asset objects reloaded before import = 0Number of asset objects unloaded after import = 3

========================================================================
Received Import Request.
  Time since last request: 0.000016 seconds.
  path: Assets/Sprites/Knight/noBKG_KnightRun_strip.png
  artifactKey: Guid(5d45a29a90fce684e88616233ef9021d) Importer(2089858483,192608db42251d675da83286b1cce702)
Start importing Assets/Sprites/Knight/noBKG_KnightRun_strip.png using Guid(5d45a29a90fce684e88616233ef9021d) Importer(2089858483,192608db42251d675da83286b1cce702) (ScriptedImporter) -> (artifact id: 'de59f980e62b31ca6ead7ca40210f4ce') in 0.0959604 seconds
Number of updated asset objects reloaded before import = 0Number of asset objects unloaded after import = 10

========================================================================
Received Import Request.
  Time since last request: 0.000020 seconds.
  path: Assets/Sprites/Taiga-Asset-Pack_vnitti/Readme.txt
  artifactKey: Guid(76fabf9dc1e5e5a4fbe8c9f4d3dba124) Importer(2089858483,192608db42251d675da83286b1cce702)
Start importing Assets/Sprites/Taiga-Asset-Pack_vnitti/Readme.txt using Guid(76fabf9dc1e5e5a4fbe8c9f4d3dba124) Importer(2089858483,192608db42251d675da83286b1cce702) (ScriptedImporter) -> (artifact id: '0ea649b96f3909453237e1cf116c03a1') in 0.0065005 seconds
Number of updated asset objects reloaded before import = 0Number of asset objects unloaded after import = 1

========================================================================
Received Import Request.
  Time since last request: 0.008060 seconds.
  path: Assets/Sprites/Knight/noBKG_KnightJumpAndFall_strip.png
  artifactKey: Guid(dde3e4bac871f6a48a99ef26967518f1) Importer(2089858483,192608db42251d675da83286b1cce702)
Start importing Assets/Sprites/Knight/noBKG_KnightJumpAndFall_strip.png using Guid(dde3e4bac871f6a48a99ef26967518f1) Importer(2089858483,192608db42251d675da83286b1cce702) (ScriptedImporter) -> (artifact id: 'a3001597dd956689d9f917c2d6c9cf70') in 0.1343358 seconds
Number of updated asset objects reloaded before import = 0Number of asset objects unloaded after import = 16

========================================================================
Received Import Request.
  Time since last request: 0.000020 seconds.
  path: Assets/Sprites/Taiga-Asset-Pack_v2_vnitti/taiga_mockup.png
  artifactKey: Guid(de02b52e8a0069f4986c71c2b2616a43) Importer(2089858483,192608db42251d675da83286b1cce702)
Start importing Assets/Sprites/Taiga-Asset-Pack_v2_vnitti/taiga_mockup.png using Guid(de02b52e8a0069f4986c71c2b2616a43) Importer(2089858483,192608db42251d675da83286b1cce702) (ScriptedImporter) -> (artifact id: 'dbd571aa567f50032ff4c5b91c83ee78') in 0.0475583 seconds
Number of updated asset objects reloaded before import = 0Number of asset objects unloaded after import = 3

========================================================================
Received Import Request.
  Time since last request: 0.000041 seconds.
  path: Assets/Sprites/Pixel Art Platformer - Village Props v2.3.0/Texture/TX FX Torch Flame.png
  artifactKey: Guid(257b7b5f84b4fe0438643c3e199bab6c) Importer(2089858483,192608db42251d675da83286b1cce702)
Start importing Assets/Sprites/Pixel Art Platformer - Village Props v2.3.0/Texture/TX FX Torch Flame.png using Guid(257b7b5f84b4fe0438643c3e199bab6c) Importer(2089858483,192608db42251d675da83286b1cce702) (ScriptedImporter) -> (artifact id: '5a4ccc4d7ecbb98a67852f67aaa49c13') in 0.227123 seconds
Number of updated asset objects reloaded before import = 0Number of asset objects unloaded after import = 31

========================================================================
Received Import Request.
  Time since last request: 0.000023 seconds.
  path: Assets/Sprites/Taiga-Asset-Pack_v2_vnitti/PNG/Tileset.png
  artifactKey: Guid(2ded3d78930b69743a350b643852820e) Importer(2089858483,192608db42251d675da83286b1cce702)
Start importing Assets/Sprites/Taiga-Asset-Pack_v2_vnitti/PNG/Tileset.png using Guid(2ded3d78930b69743a350b643852820e) Importer(2089858483,192608db42251d675da83286b1cce702) (ScriptedImporter) -> (artifact id: 'f79e87bbbecb99b35d817bd11b2d4164') in 0.3153891 seconds
Number of updated asset objects reloaded before import = 0Number of asset objects unloaded after import = 65

========================================================================
Received Import Request.
  Time since last request: 0.001005 seconds.
  path: Assets/Sprites/Taiga-Asset-Pack_vnitti/PNG/Props.png
  artifactKey: Guid(05922b990c9e4004d8a516c387258318) Importer(2089858483,192608db42251d675da83286b1cce702)
Start importing Assets/Sprites/Taiga-Asset-Pack_vnitti/PNG/Props.png using Guid(05922b990c9e4004d8a516c387258318) Importer(2089858483,192608db42251d675da83286b1cce702) (ScriptedImporter) -> (artifact id: '8de32655035089a159f02506bdd381ef') in 0.0562466 seconds
Number of updated asset objects reloaded before import = 0Number of asset objects unloaded after import = 8

========================================================================
Received Import Request.
  Time since last request: 0.000017 seconds.
  path: Assets/Sprites/Knight/noBKG_KnightDeath_strip.png
  artifactKey: Guid(3836f3cec88fbf347b3416a5df028e38) Importer(2089858483,192608db42251d675da83286b1cce702)
Start importing Assets/Sprites/Knight/noBKG_KnightDeath_strip.png using Guid(3836f3cec88fbf347b3416a5df028e38) Importer(2089858483,192608db42251d675da83286b1cce702) (ScriptedImporter) -> (artifact id: '542078ab0c7f62a215330adc080937bf') in 0.0817201 seconds
Number of updated asset objects reloaded before import = 0Number of asset objects unloaded after import = 17

========================================================================
Received Import Request.
  Time since last request: 0.000019 seconds.
  path: Assets/Sprites/Taiga-Asset-Pack_v2_vnitti/PNG/Props.png
  artifactKey: Guid(c668297c1d167dd48b5ea85355950234) Importer(2089858483,192608db42251d675da83286b1cce702)
Start importing Assets/Sprites/Taiga-Asset-Pack_v2_vnitti/PNG/Props.png using Guid(c668297c1d167dd48b5ea85355950234) Importer(2089858483,192608db42251d675da83286b1cce702) (ScriptedImporter) -> (artifact id: '9ca79de2610d469a0a76fc948f074985') in 0.0267521 seconds
Number of updated asset objects reloaded before import = 0Number of asset objects unloaded after import = 8

========================================================================
Received Import Request.
  Time since last request: 0.000026 seconds.
  path: Assets/Sprites/Pixel Art Platformer - Village Props v2.3.0/Pixel Art Platformer - Village Props v2.3.0.unitypackage
  artifactKey: Guid(bd20fb6b5cb67854ba55fb9a391086ab) Importer(2089858483,192608db42251d675da83286b1cce702)
Start importing Assets/Sprites/Pixel Art Platformer - Village Props v2.3.0/Pixel Art Platformer - Village Props v2.3.0.unitypackage using Guid(bd20fb6b5cb67854ba55fb9a391086ab) Importer(2089858483,192608db42251d675da83286b1cce702) (ScriptedImporter) -> (artifact id: '4aff9522692a6d29901eea1597ae409d') in 0.0045247 seconds
Number of updated asset objects reloaded before import = 0Number of asset objects unloaded after import = 1

========================================================================
Received Import Request.
  Time since last request: 0.000017 seconds.
  path: Assets/Sprites/Taiga-Asset-Pack_v2_vnitti/Readme.txt
  artifactKey: Guid(5de2670d3c45b1342bb242ae309a647e) Importer(2089858483,192608db42251d675da83286b1cce702)
Start importing Assets/Sprites/Taiga-Asset-Pack_v2_vnitti/Readme.txt using Guid(5de2670d3c45b1342bb242ae309a647e) Importer(2089858483,192608db42251d675da83286b1cce702) (ScriptedImporter) -> (artifact id: '24749bf5b71f0cd8637fa92d3cc11ac2') in 0.0035587 seconds
Number of updated asset objects reloaded before import = 0Number of asset objects unloaded after import = 1

========================================================================
Received Import Request.
  Time since last request: 0.000018 seconds.
  path: Assets/Settings/UniversalRP.asset
  artifactKey: Guid(681886c5eb7344803b6206f758bf0b1c) Importer(2089858483,192608db42251d675da83286b1cce702)
Start importing Assets/Settings/UniversalRP.asset using Guid(681886c5eb7344803b6206f758bf0b1c) Importer(2089858483,192608db42251d675da83286b1cce702) (ScriptedImporter) -> (artifact id: '419bfe1fd477a4806a8ce55233b0d4f0') in 0.0791674 seconds
Number of updated asset objects reloaded before import = 0Number of asset objects unloaded after import = 1

========================================================================
Received Import Request.
  Time since last request: 0.000021 seconds.
  path: Assets/Sprites/Taiga-Asset-Pack_v2_vnitti/PNG/Extension_blue.png
  artifactKey: Guid(601a5019b137dae48b6bb8b0d5b0110f) Importer(2089858483,192608db42251d675da83286b1cce702)
Start importing Assets/Sprites/Taiga-Asset-Pack_v2_vnitti/PNG/Extension_blue.png using Guid(601a5019b137dae48b6bb8b0d5b0110f) Importer(2089858483,192608db42251d675da83286b1cce702) (ScriptedImporter) -> (artifact id: '2d018cb5886a583d159b678ba376902f') in 0.0241535 seconds
Number of updated asset objects reloaded before import = 0Number of asset objects unloaded after import = 3

========================================================================
Received Import Request.
  Time since last request: 0.000027 seconds.
  path: Assets/Sprites/Taiga-Asset-Pack_vnitti/PNG/Extension_green.png
  artifactKey: Guid(40d80f0fc6e834b42a9206f895c6ecfe) Importer(2089858483,192608db42251d675da83286b1cce702)
Start importing Assets/Sprites/Taiga-Asset-Pack_vnitti/PNG/Extension_green.png using Guid(40d80f0fc6e834b42a9206f895c6ecfe) Importer(2089858483,192608db42251d675da83286b1cce702) (ScriptedImporter) -> (artifact id: 'b40b9e16880c83d81655940b0ed42f95') in 0.0170997 seconds
Number of updated asset objects reloaded before import = 0Number of asset objects unloaded after import = 3

========================================================================
Received Import Request.
  Time since last request: 0.000023 seconds.
  path: Assets/Sprites/Knight/noBKG_KnightRoll_strip.png
  artifactKey: Guid(deee0eb9ab43feb4c92779bce9d0adb1) Importer(2089858483,192608db42251d675da83286b1cce702)
Start importing Assets/Sprites/Knight/noBKG_KnightRoll_strip.png using Guid(deee0eb9ab43feb4c92779bce9d0adb1) Importer(2089858483,192608db42251d675da83286b1cce702) (ScriptedImporter) -> (artifact id: '00dc030577a0aa8ddb1185ee12985888') in 0.0628075 seconds
Number of updated asset objects reloaded before import = 0Number of asset objects unloaded after import = 17

========================================================================
Received Import Request.
  Time since last request: 0.000016 seconds.
  path: Assets/Sprites/Knight/KnightRoll_strip.png
  artifactKey: Guid(d92c5939751449a478c2d0bad5e6d0e3) Importer(2089858483,192608db42251d675da83286b1cce702)
Start importing Assets/Sprites/Knight/KnightRoll_strip.png using Guid(d92c5939751449a478c2d0bad5e6d0e3) Importer(2089858483,192608db42251d675da83286b1cce702) (ScriptedImporter) -> (artifact id: '1cbc44d396af309bae85b8fda10b8a50') in 0.0254135 seconds
Number of updated asset objects reloaded before import = 0Number of asset objects unloaded after import = 3

========================================================================
Received Import Request.
  Time since last request: 0.000034 seconds.
  path: Assets/Sprites/Taiga-Asset-Pack_v2_vnitti/PNG/Background.png
  artifactKey: Guid(92021c58cf614f543bc71ff202bf0c64) Importer(2089858483,192608db42251d675da83286b1cce702)
Start importing Assets/Sprites/Taiga-Asset-Pack_v2_vnitti/PNG/Background.png using Guid(92021c58cf614f543bc71ff202bf0c64) Importer(2089858483,192608db42251d675da83286b1cce702) (ScriptedImporter) -> (artifact id: 'a6961dcaf0e7b779aa454874cf367ced') in 0.0170013 seconds
Number of updated asset objects reloaded before import = 0Number of asset objects unloaded after import = 3

========================================================================
Received Import Request.
  Time since last request: 0.000041 seconds.
  path: Assets/Sprites/Taiga-Asset-Pack_vnitti/PNG/Background.png
  artifactKey: Guid(1c6a52d7d17ec824ba41d8d998a7096c) Importer(2089858483,192608db42251d675da83286b1cce702)
Start importing Assets/Sprites/Taiga-Asset-Pack_vnitti/PNG/Background.png using Guid(1c6a52d7d17ec824ba41d8d998a7096c) Importer(2089858483,192608db42251d675da83286b1cce702) (ScriptedImporter) -> (artifact id: '93b1fdb1c7995579a59ed40bfdd0adda') in 0.0291225 seconds
Number of updated asset objects reloaded before import = 0Number of asset objects unloaded after import = 3

========================================================================
Received Import Request.
  Time since last request: 0.000015 seconds.
  path: Assets/Sprites/Knight/noBKG_KnightIdle_strip.png
  artifactKey: Guid(3ab0a23ac0816ef489cac904a3a011df) Importer(2089858483,192608db42251d675da83286b1cce702)
Start importing Assets/Sprites/Knight/noBKG_KnightIdle_strip.png using Guid(3ab0a23ac0816ef489cac904a3a011df) Importer(2089858483,192608db42251d675da83286b1cce702) (ScriptedImporter) -> (artifact id: '31aad95d8f8b819e9a563f1712714dc0') in 0.0626484 seconds
Number of updated asset objects reloaded before import = 0Number of asset objects unloaded after import = 17

========================================================================
Received Import Request.
  Time since last request: 0.000015 seconds.
  path: Assets/Sprites/Pixel Art Platformer - Village Props v2.3.0/Texture/TX Chest Animation.png
  artifactKey: Guid(586a4f96373c0434c87e6ca014cf2526) Importer(2089858483,192608db42251d675da83286b1cce702)
Start importing Assets/Sprites/Pixel Art Platformer - Village Props v2.3.0/Texture/TX Chest Animation.png using Guid(586a4f96373c0434c87e6ca014cf2526) Importer(2089858483,192608db42251d675da83286b1cce702) (ScriptedImporter) -> (artifact id: 'aa21218a1f0be123b0ac23edb537be3b') in 0.1140266 seconds
Number of updated asset objects reloaded before import = 0Number of asset objects unloaded after import = 30

========================================================================
Received Import Request.
  Time since last request: 0.000019 seconds.
  path: Assets/Sprites/Knight/KnightAttack_strip.png
  artifactKey: Guid(084683c828e76974784be17ed82c5b87) Importer(2089858483,192608db42251d675da83286b1cce702)
Start importing Assets/Sprites/Knight/KnightAttack_strip.png using Guid(084683c828e76974784be17ed82c5b87) Importer(2089858483,192608db42251d675da83286b1cce702) (ScriptedImporter) -> (artifact id: 'a1815736be9028021873f8ab6815c442') in 0.0182195 seconds
Number of updated asset objects reloaded before import = 0Number of asset objects unloaded after import = 3

========================================================================
Received Import Request.
  Time since last request: 0.000036 seconds.
  path: Assets/Animation/Knight/Knight_Idle.anim
  artifactKey: Guid(18b706f9cbd91e9489fb07fe48bbe217) Importer(2089858483,192608db42251d675da83286b1cce702)
Start importing Assets/Animation/Knight/Knight_Idle.anim using Guid(18b706f9cbd91e9489fb07fe48bbe217) Importer(2089858483,192608db42251d675da83286b1cce702) (ScriptedImporter) -> (artifact id: '1857ac939792ad51a86c0037f480c668') in 0.0186922 seconds
Number of updated asset objects reloaded before import = 0Number of asset objects unloaded after import = 1

========================================================================
Received Import Request.
  Time since last request: 0.000015 seconds.
  path: Assets/Sprites/Taiga-Asset-Pack_vnitti/PNG/Tileset.png
  artifactKey: Guid(90c434f7c4207b0458926ad1167447c1) Importer(2089858483,192608db42251d675da83286b1cce702)
Start importing Assets/Sprites/Taiga-Asset-Pack_vnitti/PNG/Tileset.png using Guid(90c434f7c4207b0458926ad1167447c1) Importer(2089858483,192608db42251d675da83286b1cce702) (ScriptedImporter) -> (artifact id: '590249843beef9530b35268e7ab0115c') in 0.0465075 seconds
Number of updated asset objects reloaded before import = 0Number of asset objects unloaded after import = 16

========================================================================
Received Import Request.
  Time since last request: 0.000017 seconds.
  path: Assets/Sprites/Taiga-Asset-Pack_vnitti/PNG/Extension_blue.png
  artifactKey: Guid(b969621c9fceb6640bf4bdca9c217f39) Importer(2089858483,192608db42251d675da83286b1cce702)
Start importing Assets/Sprites/Taiga-Asset-Pack_vnitti/PNG/Extension_blue.png using Guid(b969621c9fceb6640bf4bdca9c217f39) Importer(2089858483,192608db42251d675da83286b1cce702) (ScriptedImporter) -> (artifact id: '2506cef3e74ecbdec0607335c02d7803') in 0.0173413 seconds
Number of updated asset objects reloaded before import = 0Number of asset objects unloaded after import = 3

========================================================================
Received Import Request.
  Time since last request: 0.000032 seconds.
  path: Assets/Sprites/Knight/noBKG_KnightShield_strip.png
  artifactKey: Guid(b38cbacb0c9367345b799fee6dda238e) Importer(2089858483,192608db42251d675da83286b1cce702)
Start importing Assets/Sprites/Knight/noBKG_KnightShield_strip.png using Guid(b38cbacb0c9367345b799fee6dda238e) Importer(2089858483,192608db42251d675da83286b1cce702) (ScriptedImporter) -> (artifact id: '71af5d660ed8415a0b4dcdde7351788a') in 0.0461112 seconds
Number of updated asset objects reloaded before import = 0Number of asset objects unloaded after import = 9

========================================================================
Received Import Request.
  Time since last request: 0.000025 seconds.
  path: Assets/Animation/Knight/Knight_Death.anim
  artifactKey: Guid(a54a35a57bc4cb54bbafc8072c3704d3) Importer(2089858483,192608db42251d675da83286b1cce702)
Start importing Assets/Animation/Knight/Knight_Death.anim using Guid(a54a35a57bc4cb54bbafc8072c3704d3) Importer(2089858483,192608db42251d675da83286b1cce702) (ScriptedImporter) -> (artifact id: '01b906685eb85677961a3d61c780b82b') in 0.0117512 seconds
Number of updated asset objects reloaded before import = 0Number of asset objects unloaded after import = 1

========================================================================
Received Import Request.
  Time since last request: 0.000015 seconds.
  path: Assets/Sprites/Taiga-Asset-Pack_v2_vnitti/PNG/Extension_green.png
  artifactKey: Guid(e4aa7fbfea6ae55418247f9a884a2419) Importer(2089858483,192608db42251d675da83286b1cce702)
Start importing Assets/Sprites/Taiga-Asset-Pack_v2_vnitti/PNG/Extension_green.png using Guid(e4aa7fbfea6ae55418247f9a884a2419) Importer(2089858483,192608db42251d675da83286b1cce702) (ScriptedImporter) -> (artifact id: '564b6f0be2ce368f6e2965050b5b95e1') in 0.0178974 seconds
Number of updated asset objects reloaded before import = 0Number of asset objects unloaded after import = 3

========================================================================
Received Import Request.
  Time since last request: 0.000547 seconds.
  path: Assets/Sprites/Pixel Art Platformer - Village Props v2.3.0/Texture/TX FX Flame.png
  artifactKey: Guid(353856eb4193af44cbe832154386d964) Importer(2089858483,192608db42251d675da83286b1cce702)
Start importing Assets/Sprites/Pixel Art Platformer - Village Props v2.3.0/Texture/TX FX Flame.png using Guid(353856eb4193af44cbe832154386d964) Importer(2089858483,192608db42251d675da83286b1cce702) (ScriptedImporter) -> (artifact id: '44b58b7fe86ff4b55c61f9db38dfda95') in 0.1151302 seconds
Number of updated asset objects reloaded before import = 0Number of asset objects unloaded after import = 40

========================================================================
Received Import Request.
  Time since last request: 0.000024 seconds.
  path: Assets/Scenes/SampleScene.unity
  artifactKey: Guid(8c9cfa26abfee488c85f1582747f6a02) Importer(2089858483,192608db42251d675da83286b1cce702)
Start importing Assets/Scenes/SampleScene.unity using Guid(8c9cfa26abfee488c85f1582747f6a02) Importer(2089858483,192608db42251d675da83286b1cce702) (ScriptedImporter) -> (artifact id: '588c9b89e4176aeae0f737811fe37948') in 0.0170097 seconds
Number of updated asset objects reloaded before import = 0Number of asset objects unloaded after import = 1

========================================================================
Received Import Request.
  Time since last request: 0.000027 seconds.
  path: Assets/Settings/Scenes/URP2DSceneTemplate.unity
  artifactKey: Guid(2cda990e2423bbf4892e6590ba056729) Importer(2089858483,192608db42251d675da83286b1cce702)
Start importing Assets/Settings/Scenes/URP2DSceneTemplate.unity using Guid(2cda990e2423bbf4892e6590ba056729) Importer(2089858483,192608db42251d675da83286b1cce702) (ScriptedImporter) -> (artifact id: 'b3f0faccf18a542c248dffc8ca7c7b13') in 0.0066349 seconds
Number of updated asset objects reloaded before import = 0Number of asset objects unloaded after import = 1

========================================================================
Received Import Request.
  Time since last request: 0.000015 seconds.
  path: Assets/Sprites/Knight/noBKG_KnightAttack_strip.png
  artifactKey: Guid(89fd8de99cfd3964ba04c8b0c3e3ccdd) Importer(2089858483,192608db42251d675da83286b1cce702)
Start importing Assets/Sprites/Knight/noBKG_KnightAttack_strip.png using Guid(89fd8de99cfd3964ba04c8b0c3e3ccdd) Importer(2089858483,192608db42251d675da83286b1cce702) (ScriptedImporter) -> (artifact id: '2ec8098323d182eca649081505459a28') in 0.0808264 seconds
Number of updated asset objects reloaded before import = 0Number of asset objects unloaded after import = 24

========================================================================
Received Import Request.
  Time since last request: 0.000015 seconds.
  path: Assets/Sprites/Taiga-Asset-Pack_v2_vnitti/cover_taiga-asset-pack.png
  artifactKey: Guid(8aecffde261a3ac4893e1e9eaff8b992) Importer(2089858483,192608db42251d675da83286b1cce702)
Start importing Assets/Sprites/Taiga-Asset-Pack_v2_vnitti/cover_taiga-asset-pack.png using Guid(8aecffde261a3ac4893e1e9eaff8b992) Importer(2089858483,192608db42251d675da83286b1cce702) (ScriptedImporter) -> (artifact id: 'f7c3736e99a03d499fe5369282a42b59') in 0.0273518 seconds
Number of updated asset objects reloaded before import = 0Number of asset objects unloaded after import = 3

========================================================================
Received Import Request.
  Time since last request: 0.000018 seconds.
  path: Assets/UniversalRenderPipelineGlobalSettings.asset
  artifactKey: Guid(93b439a37f63240aca3dd4e01d978a9f) Importer(2089858483,192608db42251d675da83286b1cce702)
Start importing Assets/UniversalRenderPipelineGlobalSettings.asset using Guid(93b439a37f63240aca3dd4e01d978a9f) Importer(2089858483,192608db42251d675da83286b1cce702) (ScriptedImporter) -> (artifact id: 'c896aa7cbac4ee035227a1569b9f175b') in 0.0487403 seconds
Number of updated asset objects reloaded before import = 0Number of asset objects unloaded after import = 0

========================================================================
Received Import Request.
  Time since last request: 0.000068 seconds.
  path: Assets/Sprites/Pixel Art Platformer - Village Props v2.3.0/Changelog.txt
  artifactKey: Guid(4a8b6331454fee24b97f6a682f9f6065) Importer(2089858483,192608db42251d675da83286b1cce702)
Start importing Assets/Sprites/Pixel Art Platformer - Village Props v2.3.0/Changelog.txt using Guid(4a8b6331454fee24b97f6a682f9f6065) Importer(2089858483,192608db42251d675da83286b1cce702) (ScriptedImporter) -> (artifact id: 'dbdbcd2e2d33d4480149fd216e7fbf2c') in 0.0064668 seconds
Number of updated asset objects reloaded before import = 0Number of asset objects unloaded after import = 1

========================================================================
Received Import Request.
  Time since last request: 0.000016 seconds.
  path: Assets/Material/New Physics Material 2D.physicsMaterial2D
  artifactKey: Guid(583b1c25dd67ec943a9fa3bf980f5f62) Importer(2089858483,192608db42251d675da83286b1cce702)
Start importing Assets/Material/New Physics Material 2D.physicsMaterial2D using Guid(583b1c25dd67ec943a9fa3bf980f5f62) Importer(2089858483,192608db42251d675da83286b1cce702) (ScriptedImporter) -> (artifact id: 'f7e1df061f7cd71248e12754677bc7ac') in 0.0101509 seconds
Number of updated asset objects reloaded before import = 0Number of asset objects unloaded after import = 1

========================================================================
Received Import Request.
  Time since last request: 0.000016 seconds.
  path: Assets/Settings/Lit2DSceneTemplate.scenetemplate
  artifactKey: Guid(d03ed43fc9d8a4f2e9fa70c1c7916eb9) Importer(2089858483,192608db42251d675da83286b1cce702)
Start importing Assets/Settings/Lit2DSceneTemplate.scenetemplate using Guid(d03ed43fc9d8a4f2e9fa70c1c7916eb9) Importer(2089858483,192608db42251d675da83286b1cce702) (ScriptedImporter) -> (artifact id: '8d854ecb9ea7ae50bed345befd14c3a2') in 0.0824188 seconds
Number of updated asset objects reloaded before import = 0Number of asset objects unloaded after import = 4

========================================================================
Received Import Request.
  Time since last request: 0.000066 seconds.
  path: Assets/Sprites/Knight/KnightIdle_strip.png
  artifactKey: Guid(dd331fd96239b514686e3ca776c24382) Importer(2089858483,192608db42251d675da83286b1cce702)
Start importing Assets/Sprites/Knight/KnightIdle_strip.png using Guid(dd331fd96239b514686e3ca776c24382) Importer(2089858483,192608db42251d675da83286b1cce702) (ScriptedImporter) -> (artifact id: 'd3df242d63008e99e80a80188b376ccb') in 0.017325 seconds
Number of updated asset objects reloaded before import = 0Number of asset objects unloaded after import = 1

========================================================================
Received Import Request.
  Time since last request: 0.000026 seconds.
  path: Assets/Sprites/Taiga-Asset-Pack_v2_vnitti/PNG/Middleground.png
  artifactKey: Guid(fba9c56238698ca4f9a7e05e6f709ee5) Importer(2089858483,192608db42251d675da83286b1cce702)
Start importing Assets/Sprites/Taiga-Asset-Pack_v2_vnitti/PNG/Middleground.png using Guid(fba9c56238698ca4f9a7e05e6f709ee5) Importer(2089858483,192608db42251d675da83286b1cce702) (ScriptedImporter) -> (artifact id: 'b95c43d3cbc8a4276569758c2408b274') in 0.0188951 seconds
Number of updated asset objects reloaded before import = 0Number of asset objects unloaded after import = 3

========================================================================
Received Import Request.
  Time since last request: 0.000042 seconds.
  path: Assets/Sprites/Pixel Art Platformer - Village Props v2.3.0/Texture/TX Tileset Ground.png
  artifactKey: Guid(243482291deb9a14aace157c6e741cb7) Importer(2089858483,192608db42251d675da83286b1cce702)
Start importing Assets/Sprites/Pixel Art Platformer - Village Props v2.3.0/Texture/TX Tileset Ground.png using Guid(243482291deb9a14aace157c6e741cb7) Importer(2089858483,192608db42251d675da83286b1cce702) (ScriptedImporter) -> (artifact id: '825e92868866b61dd9ac07e5f343b6cd') in 0.6753644 seconds
Number of updated asset objects reloaded before import = 0Number of asset objects unloaded after import = 167

========================================================================
Received Import Request.
  Time since last request: 0.000023 seconds.
  path: Assets/Animation/Knight/Knight_Run.anim
  artifactKey: Guid(fa95edacd9b39dc4fbf603175644babd) Importer(2089858483,192608db42251d675da83286b1cce702)
Start importing Assets/Animation/Knight/Knight_Run.anim using Guid(fa95edacd9b39dc4fbf603175644babd) Importer(2089858483,192608db42251d675da83286b1cce702) (ScriptedImporter) -> (artifact id: '30c49a5a578f8ec3d5fd04945555dc9c') in 0.011099 seconds
Number of updated asset objects reloaded before import = 0Number of asset objects unloaded after import = 1

========================================================================
Received Import Request.
  Time since last request: 0.000026 seconds.
  path: Assets/Sprites/Taiga-Asset-Pack_vnitti/cover_taiga-asset-pack.png
  artifactKey: Guid(684b1409d1799ea4583c39d6f9f9dc5c) Importer(2089858483,192608db42251d675da83286b1cce702)
Start importing Assets/Sprites/Taiga-Asset-Pack_vnitti/cover_taiga-asset-pack.png using Guid(684b1409d1799ea4583c39d6f9f9dc5c) Importer(2089858483,192608db42251d675da83286b1cce702) (ScriptedImporter) -> (artifact id: '0a20ee81ea8b38c6ca5cde58867c425c') in 0.0294408 seconds
Number of updated asset objects reloaded before import = 0Number of asset objects unloaded after import = 3

========================================================================
Received Import Request.
  Time since last request: 0.000016 seconds.
  path: Assets/Sprites/Taiga-Asset-Pack_vnitti/PNG/Middleground.png
  artifactKey: Guid(4c2bd71b162f2184698e371749a2758c) Importer(2089858483,192608db42251d675da83286b1cce702)
Start importing Assets/Sprites/Taiga-Asset-Pack_vnitti/PNG/Middleground.png using Guid(4c2bd71b162f2184698e371749a2758c) Importer(2089858483,192608db42251d675da83286b1cce702) (ScriptedImporter) -> (artifact id: 'dd0cf56899de204980c84fd655edf780') in 0.0248104 seconds
Number of updated asset objects reloaded before import = 0Number of asset objects unloaded after import = 3

========================================================================
Received Import Request.
  Time since last request: 0.000015 seconds.
  path: Assets/Sprites/Knight/KnightRun_strip.png
  artifactKey: Guid(3b0e43d741726654085b2a074f8fe04b) Importer(2089858483,192608db42251d675da83286b1cce702)
Start importing Assets/Sprites/Knight/KnightRun_strip.png using Guid(3b0e43d741726654085b2a074f8fe04b) Importer(2089858483,192608db42251d675da83286b1cce702) (ScriptedImporter) -> (artifact id: '50dace359cd6e30ab4ae93655179e55f') in 0.0228051 seconds
Number of updated asset objects reloaded before import = 0Number of asset objects unloaded after import = 3

========================================================================
Received Import Request.
  Time since last request: 0.000020 seconds.
  path: Assets/Sprites/Knight/KnightShield_strip.png
  artifactKey: Guid(7e1b0195865db0c41bb97174e9d0e5d5) Importer(2089858483,192608db42251d675da83286b1cce702)
Start importing Assets/Sprites/Knight/KnightShield_strip.png using Guid(7e1b0195865db0c41bb97174e9d0e5d5) Importer(2089858483,192608db42251d675da83286b1cce702) (ScriptedImporter) -> (artifact id: '04175e6dec8c7a6e8bf58561f494480e') in 0.0302653 seconds
Number of updated asset objects reloaded before import = 0Number of asset objects unloaded after import = 3

========================================================================
Received Import Request.
  Time since last request: 0.000079 seconds.
  path: Assets/Sprites/Taiga-Asset-Pack_vnitti/mockup.png
  artifactKey: Guid(15b7e0df350e1f14b8d8702a978a9bd0) Importer(2089858483,192608db42251d675da83286b1cce702)
Start importing Assets/Sprites/Taiga-Asset-Pack_vnitti/mockup.png using Guid(15b7e0df350e1f14b8d8702a978a9bd0) Importer(2089858483,192608db42251d675da83286b1cce702) (ScriptedImporter) -> (artifact id: '1a3b3534e8445ac88f2e11e5daf39ca2') in 0.0249649 seconds
Number of updated asset objects reloaded before import = 0Number of asset objects unloaded after import = 3

========================================================================
Received Import Request.
  Time since last request: 0.000015 seconds.
  path: Assets/Animation/Knight/Knight.controller
  artifactKey: Guid(25ebf82606b301748aaf77b07823c4fc) Importer(2089858483,192608db42251d675da83286b1cce702)
Start importing Assets/Animation/Knight/Knight.controller using Guid(25ebf82606b301748aaf77b07823c4fc) Importer(2089858483,192608db42251d675da83286b1cce702) (ScriptedImporter) -> (artifact id: 'f5612602167e5655604b2776dcf733e1') in 0.0202556 seconds
Number of updated asset objects reloaded before import = 0Number of asset objects unloaded after import = 12

========================================================================
Received Import Request.
  Time since last request: 0.000016 seconds.
  path: Assets/InputSystem_Actions.inputactions
  artifactKey: Guid(2bcd2660ca9b64942af0de543d8d7100) Importer(2089858483,192608db42251d675da83286b1cce702)
Start importing Assets/InputSystem_Actions.inputactions using Guid(2bcd2660ca9b64942af0de543d8d7100) Importer(2089858483,192608db42251d675da83286b1cce702) (ScriptedImporter) -> (artifact id: '86bbb03a8a7c56d437ecc9182f1da3fe') in 0.3130741 seconds
Number of updated asset objects reloaded before import = 0Number of asset objects unloaded after import = 21

========================================================================
Received Prepare
Begin MonoManager ReloadAssembly
- Loaded All Assemblies, in  1.641 seconds
Refreshing native plugins compatible for Editor in 6.75 ms, found 4 plugins.
Native extension for WindowsStandalone target not found
Native extension for WebGL target not found
Mono: successfully reloaded assembly
- Finished resetting the current domain, in  4.449 seconds
Domain Reload Profiling: 6091ms
	BeginReloadAssembly (448ms)
		ExecutionOrderSort (0ms)
		DisableScriptedObjects (27ms)
		BackupInstance (0ms)
		ReleaseScriptingObjects (0ms)
		CreateAndSetChildDomain (151ms)
	RebuildCommonClasses (69ms)
	RebuildNativeTypeToScriptingClass (30ms)
	initialDomainReloadingComplete (54ms)
	LoadAllAssembliesAndSetupDomain (1041ms)
		LoadAssemblies (730ms)
		RebuildTransferFunctionScriptingTraits (0ms)
		AnalyzeDomain (510ms)
			TypeCache.Refresh (10ms)
				TypeCache.ScanAssembly (0ms)
			BuildScriptInfoCaches (473ms)
			ResolveRequiredComponents (19ms)
	FinalizeReload (4450ms)
		ReleaseScriptCaches (0ms)
		RebuildScriptCaches (0ms)
		SetupLoadedEditorAssemblies (2848ms)
			LogAssemblyErrors (0ms)
			InitializePlatformSupportModulesInManaged (7ms)
			SetLoadedEditorAssemblies (12ms)
			BeforeProcessingInitializeOnLoad (308ms)
			ProcessInitializeOnLoadAttributes (2254ms)
			ProcessInitializeOnLoadMethodAttributes (238ms)
			AfterProcessingInitializeOnLoad (29ms)
			EditorAssembliesLoaded (1ms)
		ExecutionOrderSort2 (0ms)
		AwakeInstancesAfterBackupRestoration (38ms)
Refreshing native plugins compatible for Editor in 2.62 ms, found 4 plugins.
Preloading 0 native plugins for Editor in 0.00 ms.
Unloading 13 Unused Serialized files (Serialized files now loaded: 0)
Unloading 6545 unused Assets / (4.2 MB). Loaded Objects now: 8008.
Memory consumption went from 162.2 MB to 157.9 MB.
Total: 36.584400 ms (FindLiveObjects: 3.954100 ms CreateObjectMapping: 1.915800 ms MarkObjects: 23.927000 ms  DeleteObjects: 6.786000 ms)

Prepare: number of updated asset objects reloaded= 0
========================================================================
Received Prepare
Begin MonoManager ReloadAssembly
- Loaded All Assemblies, in  1.473 seconds
Refreshing native plugins compatible for Editor in 2.50 ms, found 4 plugins.
Native extension for WindowsStandalone target not found
Native extension for WebGL target not found
Mono: successfully reloaded assembly
- Finished resetting the current domain, in  3.485 seconds
Domain Reload Profiling: 4961ms
	BeginReloadAssembly (371ms)
		ExecutionOrderSort (0ms)
		DisableScriptedObjects (28ms)
		BackupInstance (0ms)
		ReleaseScriptingObjects (0ms)
		CreateAndSetChildDomain (90ms)
	RebuildCommonClasses (68ms)
	RebuildNativeTypeToScriptingClass (32ms)
	initialDomainReloadingComplete (49ms)
	LoadAllAssembliesAndSetupDomain (955ms)
		LoadAssemblies (670ms)
		RebuildTransferFunctionScriptingTraits (0ms)
		AnalyzeDomain (463ms)
			TypeCache.Refresh (12ms)
				TypeCache.ScanAssembly (0ms)
			BuildScriptInfoCaches (425ms)
			ResolveRequiredComponents (22ms)
	FinalizeReload (3486ms)
		ReleaseScriptCaches (0ms)
		RebuildScriptCaches (0ms)
		SetupLoadedEditorAssemblies (2458ms)
			LogAssemblyErrors (0ms)
			InitializePlatformSupportModulesInManaged (16ms)
			SetLoadedEditorAssemblies (19ms)
			BeforeProcessingInitializeOnLoad (247ms)
			ProcessInitializeOnLoadAttributes (1943ms)
			ProcessInitializeOnLoadMethodAttributes (209ms)
			AfterProcessingInitializeOnLoad (23ms)
			EditorAssembliesLoaded (2ms)
		ExecutionOrderSort2 (0ms)
		AwakeInstancesAfterBackupRestoration (42ms)
Refreshing native plugins compatible for Editor in 2.75 ms, found 4 plugins.
Preloading 0 native plugins for Editor in 0.00 ms.
Unloading 13 Unused Serialized files (Serialized files now loaded: 0)
Unloading 6543 unused Assets / (4.5 MB). Loaded Objects now: 8010.
Memory consumption went from 162.2 MB to 157.7 MB.
Total: 26.638500 ms (FindLiveObjects: 1.283000 ms CreateObjectMapping: 3.307000 ms MarkObjects: 17.760100 ms  DeleteObjects: 4.287100 ms)

Prepare: number of updated asset objects reloaded= 0
